#
# There is insufficient memory for the Java Runtime Environment to continue.
# Native memory allocation (malloc) failed to allocate 678016 bytes for Chunk::new
# Possible reasons:
#   The system is out of physical RAM or swap space
#   The process is running with CompressedOops enabled, and the Java Heap may be blocking the growth of the native heap
# Possible solutions:
#   Reduce memory load on the system
#   Increase physical memory or swap space
#   Check if swap backing store is full
#   Decrease Java heap size (-Xmx/-Xms)
#   Decrease number of Java threads
#   Decrease Java thread stack sizes (-Xss)
#   Set larger code cache with -XX:ReservedCodeCacheSize=
#   JVM is running with Unscaled Compressed Oops mode in which the Java heap is
#     placed in the first 4GB address space. The Java Heap base address is the
#     maximum limit for the native heap growth. Please use -XX:HeapBaseMinAddress
#     to set the Java Heap base and to place the Java Heap above 4GB virtual address.
# This output file may be truncated or incomplete.
#
#  Out of Memory Error (allocation.cpp:389), pid=14872, tid=0x0000000000002d0c
#
# JRE version: Java(TM) SE Runtime Environment (8.0_231-b11) (build 1.8.0_231-b11)
# Java VM: Java HotSpot(TM) 64-Bit Server VM (25.231-b11 mixed mode windows-amd64 compressed oops)
# Failed to write core dump. Minidumps are not enabled by default on client versions of Windows
#

---------------  T H R E A D  ---------------

Current thread (0x0000000019d4c000):  JavaThread "C2 CompilerThread1" daemon [_thread_in_native, id=11532, stack(0x000000001a730000,0x000000001a830000)]

Stack: [0x000000001a730000,0x000000001a830000]
[error occurred during error reporting (printing stack bounds), id 0xc0000005]

Native frames: (J=compiled Java code, j=interpreted, Vv=VM code, C=native code)


Current CompileTask:
C2:  12658 1323 % !   4       edu.stanford.nlp.pipeline.TokensRegexNERAnnotator::readEntries @ 649 (1667 bytes)


---------------  P R O C E S S  ---------------

Java Threads: ( => current thread )
  0x0000000019dbd000 JavaThread "Service Thread" daemon [_thread_blocked, id=11040, stack(0x000000001aa30000,0x000000001ab30000)]
  0x0000000019d6c000 JavaThread "C1 CompilerThread3" daemon [_thread_blocked, id=14756, stack(0x000000001a930000,0x000000001aa30000)]
  0x0000000019d5f000 JavaThread "C2 CompilerThread2" daemon [_thread_blocked, id=13088, stack(0x000000001a830000,0x000000001a930000)]
=>0x0000000019d4c000 JavaThread "C2 CompilerThread1" daemon [_thread_in_native, id=11532, stack(0x000000001a730000,0x000000001a830000)]
  0x0000000019d0d800 JavaThread "C2 CompilerThread0" daemon [_thread_blocked, id=7664, stack(0x000000001a630000,0x000000001a730000)]
  0x0000000019d0b800 JavaThread "Monitor Ctrl-Break" daemon [_thread_in_native, id=9796, stack(0x000000001a530000,0x000000001a630000)]
  0x0000000019c62000 JavaThread "Attach Listener" daemon [_thread_blocked, id=12260, stack(0x000000001a430000,0x000000001a530000)]
  0x0000000019c61000 JavaThread "Signal Dispatcher" daemon [_thread_blocked, id=8280, stack(0x000000001a330000,0x000000001a430000)]
  0x0000000019c51800 JavaThread "Finalizer" daemon [_thread_blocked, id=12808, stack(0x000000001a130000,0x000000001a230000)]
  0x0000000019c50800 JavaThread "Reference Handler" daemon [_thread_blocked, id=2124, stack(0x000000001a030000,0x000000001a130000)]
  0x0000000002de3000 JavaThread "main" [_thread_blocked, id=12220, stack(0x0000000002a90000,0x0000000002b90000)]

Other Threads:
  0x0000000017e4a000 VMThread [stack: 0x0000000019b30000,0x0000000019c30000] [id=13724]
  0x0000000019dc2800 WatcherThread [stack: 0x000000001ab30000,0x000000001ac30000] [id=9912]

VM state:at safepoint (normal execution)

VM Mutex/Monitor currently owned by a thread:  ([mutex/lock_event])
[0x0000000000d9ec10] Threads_lock - owner thread: 0x0000000017e4a000
[0x0000000000d9e990] Heap_lock - owner thread: 0x0000000002de3000

heap address: 0x0000000081e00000, size: 2018 MB, Compressed Oops mode: 32-bit
Narrow klass base: 0x0000000000000000, Narrow klass shift: 3
Compressed class space size: 1073741824 Address: 0x0000000100000000

Heap:
 PSYoungGen      total 357888K, used 317309K [0x00000000d5f80000, 0x00000000f7b00000, 0x0000000100000000)
  eden space 164352K, 100% used [0x00000000d5f80000,0x00000000e0000000,0x00000000e0000000)
  from space 193536K, 79% used [0x00000000e0000000,0x00000000e955f728,0x00000000ebd00000)
  to   space 192512K, 46% used [0x00000000ebd00000,0x00000000f13c3340,0x00000000f7900000)
 ParOldGen       total 716288K, used 476842K [0x0000000081e00000, 0x00000000ad980000, 0x00000000d5f80000)
  object space 716288K, 66% used [0x0000000081e00000,0x000000009efaa860,0x00000000ad980000)
 Metaspace       used 8906K, capacity 9242K, committed 9344K, reserved 1056768K
  class space    used 976K, capacity 1101K, committed 1152K, reserved 1048576K

Card table byte_map: [0x00000000122a0000,0x00000000126a0000] byte_map_base: 0x0000000011e91000

Marking Bits: (ParMarkBitMap*) 0x000000006d176d90
 Begin Bits: [0x0000000013150000, 0x00000000150d8000)
 End Bits:   [0x00000000150d8000, 0x0000000017060000)

Polling page: 0x0000000000d80000

CodeCache: size=245760Kb used=6976Kb max_used=6995Kb free=238783Kb
 bounds [0x0000000002ee0000, 0x00000000035d0000, 0x0000000011ee0000]
 total_blobs=1844 nmethods=1514 adapters=242
 compilation: enabled

Compilation events (10 events):
Event: 12.264 Thread 0x0000000019d5f000 1533       4       java.lang.CharacterDataLatin1::toUpperCase (53 bytes)
Event: 12.265 Thread 0x0000000019d5f000 nmethod 1533 0x0000000002ff3010 code [0x0000000002ff3140, 0x0000000002ff3218]
Event: 12.266 Thread 0x0000000019d0d800 1534       4       java.util.regex.Pattern$CharProperty::study (29 bytes)
Event: 12.268 Thread 0x0000000019d0d800 nmethod 1534 0x0000000003023850 code [0x00000000030239c0, 0x0000000003023ae8]
Event: 12.269 Thread 0x0000000019d6c000 1535       3       java.util.regex.Pattern::sequence (553 bytes)
Event: 12.274 Thread 0x0000000019d6c000 nmethod 1535 0x00000000035b7450 code [0x00000000035b79a0, 0x00000000035baa38]
Event: 12.274 Thread 0x0000000019d5f000 1536       4       java.util.regex.Pattern::unread (11 bytes)
Event: 12.275 Thread 0x0000000019d5f000 nmethod 1536 0x000000000300c150 code [0x000000000300c280, 0x000000000300c2d8]
Event: 12.313 Thread 0x0000000019d0d800 1537 %     4       edu.stanford.nlp.pipeline.TokensRegexNERAnnotator::createPatternMatcher @ 266 (461 bytes)
Event: 12.391 Thread 0x0000000019d0d800 nmethod 1537% 0x00000000035bfe10 code [0x00000000035c0120, 0x00000000035c1eb0]

GC Heap History (10 events):
Event: 10.522 GC heap after
Heap after GC invocations=23 (full 4):
 PSYoungGen      total 326656K, used 44576K [0x00000000d5f80000, 0x00000000f7f00000, 0x0000000100000000)
  eden space 118272K, 0% used [0x00000000d5f80000,0x00000000d5f80000,0x00000000dd300000)
  from space 208384K, 21% used [0x00000000dd300000,0x00000000dfe88000,0x00000000e9e80000)
  to   space 208384K, 0% used [0x00000000eb380000,0x00000000eb380000,0x00000000f7f00000)
 ParOldGen       total 716288K, used 476834K [0x0000000081e00000, 0x00000000ad980000, 0x00000000d5f80000)
  object space 716288K, 66% used [0x0000000081e00000,0x000000009efa8860,0x00000000ad980000)
 Metaspace       used 8495K, capacity 8794K, committed 9088K, reserved 1056768K
  class space    used 932K, capacity 1037K, committed 1152K, reserved 1048576K
}
Event: 10.715 GC heap before
{Heap before GC invocations=24 (full 4):
 PSYoungGen      total 326656K, used 162848K [0x00000000d5f80000, 0x00000000f7f00000, 0x0000000100000000)
  eden space 118272K, 100% used [0x00000000d5f80000,0x00000000dd300000,0x00000000dd300000)
  from space 208384K, 21% used [0x00000000dd300000,0x00000000dfe88000,0x00000000e9e80000)
  to   space 208384K, 0% used [0x00000000eb380000,0x00000000eb380000,0x00000000f7f00000)
 ParOldGen       total 716288K, used 476834K [0x0000000081e00000, 0x00000000ad980000, 0x00000000d5f80000)
  object space 716288K, 66% used [0x0000000081e00000,0x000000009efa8860,0x00000000ad980000)
 Metaspace       used 8499K, capacity 8794K, committed 9088K, reserved 1056768K
  class space    used 932K, capacity 1037K, committed 1152K, reserved 1048576K
Event: 10.798 GC heap after
Heap after GC invocations=24 (full 4):
 PSYoungGen      total 334848K, used 70590K [0x00000000d5f80000, 0x00000000f7200000, 0x0000000100000000)
  eden space 139776K, 0% used [0x00000000d5f80000,0x00000000d5f80000,0x00000000de800000)
  from space 195072K, 36% used [0x00000000eb380000,0x00000000ef86f928,0x00000000f7200000)
  to   space 201728K, 0% used [0x00000000de800000,0x00000000de800000,0x00000000ead00000)
 ParOldGen       total 716288K, used 476834K [0x0000000081e00000, 0x00000000ad980000, 0x00000000d5f80000)
  object space 716288K, 66% used [0x0000000081e00000,0x000000009efa8860,0x00000000ad980000)
 Metaspace       used 8499K, capacity 8794K, committed 9088K, reserved 1056768K
  class space    used 932K, capacity 1037K, committed 1152K, reserved 1048576K
}
Event: 11.034 GC heap before
{Heap before GC invocations=25 (full 4):
 PSYoungGen      total 334848K, used 210366K [0x00000000d5f80000, 0x00000000f7200000, 0x0000000100000000)
  eden space 139776K, 100% used [0x00000000d5f80000,0x00000000de800000,0x00000000de800000)
  from space 195072K, 36% used [0x00000000eb380000,0x00000000ef86f928,0x00000000f7200000)
  to   space 201728K, 0% used [0x00000000de800000,0x00000000de800000,0x00000000ead00000)
 ParOldGen       total 716288K, used 476834K [0x0000000081e00000, 0x00000000ad980000, 0x00000000d5f80000)
  object space 716288K, 66% used [0x0000000081e00000,0x000000009efa8860,0x00000000ad980000)
 Metaspace       used 8499K, capacity 8794K, committed 9088K, reserved 1056768K
  class space    used 932K, capacity 1037K, committed 1152K, reserved 1048576K
Event: 11.152 GC heap after
Heap after GC invocations=25 (full 4):
 PSYoungGen      total 341504K, used 99006K [0x00000000d5f80000, 0x00000000f7900000, 0x0000000100000000)
  eden space 139776K, 0% used [0x00000000d5f80000,0x00000000d5f80000,0x00000000de800000)
  from space 201728K, 49% used [0x00000000de800000,0x00000000e48af938,0x00000000ead00000)
  to   space 192512K, 0% used [0x00000000ebd00000,0x00000000ebd00000,0x00000000f7900000)
 ParOldGen       total 716288K, used 476834K [0x0000000081e00000, 0x00000000ad980000, 0x00000000d5f80000)
  object space 716288K, 66% used [0x0000000081e00000,0x000000009efa8860,0x00000000ad980000)
 Metaspace       used 8499K, capacity 8794K, committed 9088K, reserved 1056768K
  class space    used 932K, capacity 1037K, committed 1152K, reserved 1048576K
}
Event: 11.435 GC heap before
{Heap before GC invocations=26 (full 4):
 PSYoungGen      total 341504K, used 238782K [0x00000000d5f80000, 0x00000000f7900000, 0x0000000100000000)
  eden space 139776K, 100% used [0x00000000d5f80000,0x00000000de800000,0x00000000de800000)
  from space 201728K, 49% used [0x00000000de800000,0x00000000e48af938,0x00000000ead00000)
  to   space 192512K, 0% used [0x00000000ebd00000,0x00000000ebd00000,0x00000000f7900000)
 ParOldGen       total 716288K, used 476834K [0x0000000081e00000, 0x00000000ad980000, 0x00000000d5f80000)
  object space 716288K, 66% used [0x0000000081e00000,0x000000009efa8860,0x00000000ad980000)
 Metaspace       used 8499K, capacity 8794K, committed 9088K, reserved 1056768K
  class space    used 932K, capacity 1037K, committed 1152K, reserved 1048576K
Event: 11.573 GC heap after
Heap after GC invocations=26 (full 4):
 PSYoungGen      total 356864K, used 124221K [0x00000000d5f80000, 0x00000000f7b00000, 0x0000000100000000)
  eden space 164352K, 0% used [0x00000000d5f80000,0x00000000d5f80000,0x00000000e0000000)
  from space 192512K, 64% used [0x00000000ebd00000,0x00000000f364f588,0x00000000f7900000)
  to   space 193536K, 0% used [0x00000000e0000000,0x00000000e0000000,0x00000000ebd00000)
 ParOldGen       total 716288K, used 476834K [0x0000000081e00000, 0x00000000ad980000, 0x00000000d5f80000)
  object space 716288K, 66% used [0x0000000081e00000,0x000000009efa8860,0x00000000ad980000)
 Metaspace       used 8499K, capacity 8794K, committed 9088K, reserved 1056768K
  class space    used 932K, capacity 1037K, committed 1152K, reserved 1048576K
}
Event: 12.006 GC heap before
{Heap before GC invocations=27 (full 4):
 PSYoungGen      total 356864K, used 288573K [0x00000000d5f80000, 0x00000000f7b00000, 0x0000000100000000)
  eden space 164352K, 100% used [0x00000000d5f80000,0x00000000e0000000,0x00000000e0000000)
  from space 192512K, 64% used [0x00000000ebd00000,0x00000000f364f588,0x00000000f7900000)
  to   space 193536K, 0% used [0x00000000e0000000,0x00000000e0000000,0x00000000ebd00000)
 ParOldGen       total 716288K, used 476834K [0x0000000081e00000, 0x00000000ad980000, 0x00000000d5f80000)
  object space 716288K, 66% used [0x0000000081e00000,0x000000009efa8860,0x00000000ad980000)
 Metaspace       used 8894K, capacity 9242K, committed 9344K, reserved 1056768K
  class space    used 974K, capacity 1101K, committed 1152K, reserved 1048576K
Event: 12.167 GC heap after
Heap after GC invocations=27 (full 4):
 PSYoungGen      total 357888K, used 152957K [0x00000000d5f80000, 0x00000000f7b00000, 0x0000000100000000)
  eden space 164352K, 0% used [0x00000000d5f80000,0x00000000d5f80000,0x00000000e0000000)
  from space 193536K, 79% used [0x00000000e0000000,0x00000000e955f728,0x00000000ebd00000)
  to   space 192512K, 0% used [0x00000000ebd00000,0x00000000ebd00000,0x00000000f7900000)
 ParOldGen       total 716288K, used 476842K [0x0000000081e00000, 0x00000000ad980000, 0x00000000d5f80000)
  object space 716288K, 66% used [0x0000000081e00000,0x000000009efaa860,0x00000000ad980000)
 Metaspace       used 8894K, capacity 9242K, committed 9344K, reserved 1056768K
  class space    used 974K, capacity 1101K, committed 1152K, reserved 1048576K
}
Event: 12.560 GC heap before
{Heap before GC invocations=28 (full 4):
 PSYoungGen      total 357888K, used 317309K [0x00000000d5f80000, 0x00000000f7b00000, 0x0000000100000000)
  eden space 164352K, 100% used [0x00000000d5f80000,0x00000000e0000000,0x00000000e0000000)
  from space 193536K, 79% used [0x00000000e0000000,0x00000000e955f728,0x00000000ebd00000)
  to   space 192512K, 0% used [0x00000000ebd00000,0x00000000ebd00000,0x00000000f7900000)
 ParOldGen       total 716288K, used 476842K [0x0000000081e00000, 0x00000000ad980000, 0x00000000d5f80000)
  object space 716288K, 66% used [0x0000000081e00000,0x000000009efaa860,0x00000000ad980000)
 Metaspace       used 8906K, capacity 9242K, committed 9344K, reserved 1056768K
  class space    used 976K, capacity 1101K, committed 1152K, reserved 1048576K

Deoptimization events (10 events):
Event: 11.765 Thread 0x0000000002de3000 Uncommon trap: reason=class_check action=maybe_recompile pc=0x0000000003508488 method=java.util.regex.Pattern$Curly.study(Ljava/util/regex/Pattern$TreeInfo;)Z @ 31
Event: 11.844 Thread 0x0000000002de3000 Uncommon trap: reason=unstable_if action=reinterpret pc=0x00000000031b07b4 method=java.util.HashMap.getNode(ILjava/lang/Object;)Ljava/util/HashMap$Node; @ 84
Event: 11.844 Thread 0x0000000002de3000 Uncommon trap: reason=unstable_if action=reinterpret pc=0x00000000031a0b1c method=java.util.HashMap.getNode(ILjava/lang/Object;)Ljava/util/HashMap$Node; @ 84
Event: 12.221 Thread 0x0000000002de3000 Uncommon trap: reason=unstable_if action=reinterpret pc=0x0000000003577398 method=java.util.regex.Pattern$BitClass.isSatisfiedBy(I)Z @ 4
Event: 12.221 Thread 0x0000000002de3000 Uncommon trap: reason=unstable_if action=reinterpret pc=0x000000000356c8f8 method=java.util.regex.Pattern$BitClass.isSatisfiedBy(I)Z @ 4
Event: 12.221 Thread 0x0000000002de3000 Uncommon trap: reason=unstable_if action=reinterpret pc=0x0000000003569cb8 method=java.util.regex.Pattern$BitClass.isSatisfiedBy(I)Z @ 4
Event: 12.221 Thread 0x0000000002de3000 Uncommon trap: reason=unstable_if action=reinterpret pc=0x000000000356bfd4 method=java.util.regex.Pattern$BitClass.isSatisfiedBy(I)Z @ 4
Event: 12.222 Thread 0x0000000002de3000 Uncommon trap: reason=unstable_if action=reinterpret pc=0x000000000356af60 method=java.util.regex.Pattern$BitClass.isSatisfiedBy(I)Z @ 4
Event: 12.229 Thread 0x0000000002de3000 Uncommon trap: reason=unstable_if action=reinterpret pc=0x0000000003470654 method=java.util.regex.Pattern.append(II)V @ 6
Event: 12.243 Thread 0x0000000002de3000 Uncommon trap: reason=unloaded action=reinterpret pc=0x000000000339c5d8 method=java.util.regex.Pattern.sequence(Ljava/util/regex/Pattern$Node;)Ljava/util/regex/Pattern$Node; @ 359

Classes redefined (0 events):
No events

Internal exceptions (10 events):
Event: 0.434 Thread 0x0000000002de3000 Exception <a 'java/security/PrivilegedActionException'> (0x00000000d65fe0c0) thrown at [C:\re\workspace\8-2-build-windows-amd64-cygwin\jdk8u231\13620\hotspot\src\share\vm\prims\jvm.cpp, line 1502]
Event: 0.434 Thread 0x0000000002de3000 Exception <a 'java/security/PrivilegedActionException'> (0x00000000d65fe4b8) thrown at [C:\re\workspace\8-2-build-windows-amd64-cygwin\jdk8u231\13620\hotspot\src\share\vm\prims\jvm.cpp, line 1502]
Event: 0.473 Thread 0x0000000002de3000 Exception <a 'java/lang/IncompatibleClassChangeError': Found class java.lang.Object, but interface was expected> (0x00000000d66f85e0) thrown at [C:\re\workspace\8-2-build-windows-amd64-cygwin\jdk8u231\13620\hotspot\src\share\vm\interpreter\linkResolver.cp
Event: 0.616 Thread 0x0000000002de3000 Implicit null exception at 0x000000000306df9b to 0x000000000306e145
Event: 0.854 Thread 0x0000000002de3000 Implicit null exception at 0x000000000311b6b1 to 0x000000000311ba5d
Event: 2.182 Thread 0x0000000002de3000 Implicit null exception at 0x00000000031213f3 to 0x0000000003121515
Event: 2.198 Thread 0x0000000002de3000 Exception <a 'java/lang/NoClassDefFoundError': org/joda/time/ReadablePartial> (0x00000000da064ac0) thrown at [C:\re\workspace\8-2-build-windows-amd64-cygwin\jdk8u231\13620\hotspot\src\share\vm\classfile\systemDictionary.cpp, line 199]
Event: 2.263 Thread 0x0000000002de3000 Implicit null exception at 0x000000000310b83b to 0x000000000310b92d
Event: 2.266 Thread 0x0000000002de3000 Exception <a 'java/lang/NoSuchMethodError': java.lang.Object.lambda$comparing$77a9974f$1(Ljava/util/function/Function;Ljava/lang/Object;Ljava/lang/Object;)I> (0x00000000d60a4b88) thrown at [C:\re\workspace\8-2-build-windows-amd64-cygwin\jdk8u231\13620\hot
Event: 6.580 Thread 0x0000000002de3000 Implicit null exception at 0x00000000032f6e13 to 0x00000000032f77ed

Events (10 events):
Event: 12.243 loading class java/util/regex/Pattern$Dollar done
Event: 12.243 Thread 0x0000000002de3000 DEOPT PACKING pc=0x000000000339c5d8 sp=0x0000000002b8e6b0
Event: 12.243 Thread 0x0000000002de3000 DEOPT UNPACKING pc=0x0000000002f2583b sp=0x0000000002b8e660 mode 2
Event: 12.282 loading class java/util/regex/Pattern$SingleU
Event: 12.282 loading class java/util/regex/Pattern$SingleU done
Event: 12.312 loading class edu/stanford/nlp/ling/tokensregex/MultiPatternMatcher
Event: 12.312 loading class edu/stanford/nlp/ling/tokensregex/MultiPatternMatcher done
Event: 12.416 Thread 0x0000000002de3000 DEOPT PACKING pc=0x00000000035985e3 sp=0x0000000002b8e9f0
Event: 12.416 Thread 0x0000000002de3000 DEOPT UNPACKING pc=0x0000000002f27890 sp=0x0000000002b8e868 mode 0
Event: 12.560 Executing VM operation: ParallelGCFailedAllocation


Dynamic libraries:
0x00007ff6966e0000 - 0x00007ff696717000 	C:\Program Files\Java\jdk1.8.0_231\bin\java.exe
0x00007ff87c050000 - 0x00007ff87c220000 	C:\Windows\SYSTEM32\ntdll.dll
0x00007ff87ba60000 - 0x00007ff87bb0c000 	C:\Windows\System32\KERNEL32.DLL
0x00007ff8785b0000 - 0x00007ff8787cc000 	C:\Windows\System32\KERNELBASE.dll
0x00007ff87b110000 - 0x00007ff87b1b2000 	C:\Windows\System32\ADVAPI32.dll
0x00007ff87bc70000 - 0x00007ff87bd0e000 	C:\Windows\System32\msvcrt.dll
0x00007ff879640000 - 0x00007ff879699000 	C:\Windows\System32\sechost.dll
0x00007ff87bf20000 - 0x00007ff87c041000 	C:\Windows\System32\RPCRT4.dll
0x00007ff87bdb0000 - 0x00007ff87bf16000 	C:\Windows\System32\USER32.dll
0x00007ff878540000 - 0x00007ff87855e000 	C:\Windows\System32\win32u.dll
0x00007ff879ae0000 - 0x00007ff879b14000 	C:\Windows\System32\GDI32.dll
0x00007ff878980000 - 0x00007ff878b01000 	C:\Windows\System32\gdi32full.dll
0x00007ff8686e0000 - 0x00007ff86895a000 	C:\Windows\WinSxS\amd64_microsoft.windows.common-controls_6595b64144ccf1df_6.0.14393.3053_none_7de042968342015d\COMCTL32.dll
0x00007ff8796c0000 - 0x00007ff879985000 	C:\Windows\System32\combase.dll
0x00007ff8787d0000 - 0x00007ff8788c4000 	C:\Windows\System32\ucrtbase.dll
0x00007ff879570000 - 0x00007ff8795da000 	C:\Windows\System32\bcryptPrimitives.dll
0x00007ff87b440000 - 0x00007ff87b46e000 	C:\Windows\System32\IMM32.DLL
0x000000006d200000 - 0x000000006d2d2000 	C:\Program Files\Java\jdk1.8.0_231\jre\bin\msvcr100.dll
0x000000006c950000 - 0x000000006d1f6000 	C:\Program Files\Java\jdk1.8.0_231\jre\bin\server\jvm.dll
0x00007ff879ad0000 - 0x00007ff879ad8000 	C:\Windows\System32\PSAPI.DLL
0x00007ff876450000 - 0x00007ff876459000 	C:\Windows\SYSTEM32\WSOCK32.dll
0x00007ff873ec0000 - 0x00007ff873eca000 	C:\Windows\SYSTEM32\VERSION.dll
0x00007ff876340000 - 0x00007ff876363000 	C:\Windows\SYSTEM32\WINMM.dll
0x00007ff87b3d0000 - 0x00007ff87b43a000 	C:\Windows\System32\WS2_32.dll
0x0000000001280000 - 0x00000000012ab000 	C:\Windows\SYSTEM32\WINMMBASE.dll
0x00007ff878560000 - 0x00007ff8785a2000 	C:\Windows\System32\cfgmgr32.dll
0x00007ff8757d0000 - 0x00007ff8757df000 	C:\Program Files\Java\jdk1.8.0_231\jre\bin\verify.dll
0x00007ff86bbf0000 - 0x00007ff86bc19000 	C:\Program Files\Java\jdk1.8.0_231\jre\bin\java.dll
0x00007ff859850000 - 0x00007ff859873000 	C:\Program Files\Java\jdk1.8.0_231\jre\bin\instrument.dll
0x00007ff867b00000 - 0x00007ff867b16000 	C:\Program Files\Java\jdk1.8.0_231\jre\bin\zip.dll
0x00007ff879b30000 - 0x00007ff87b035000 	C:\Windows\System32\SHELL32.dll
0x00007ff878b10000 - 0x00007ff8791ea000 	C:\Windows\System32\windows.storage.dll
0x00007ff8784b0000 - 0x00007ff8784fc000 	C:\Windows\System32\powrprof.dll
0x00007ff87bc10000 - 0x00007ff87bc62000 	C:\Windows\System32\shlwapi.dll
0x00007ff878500000 - 0x00007ff87850f000 	C:\Windows\System32\kernel.appcore.dll
0x00007ff8788d0000 - 0x00007ff878979000 	C:\Windows\System32\shcore.dll
0x00007ff878510000 - 0x00007ff878524000 	C:\Windows\System32\profapi.dll
0x00007ff859830000 - 0x00007ff85984a000 	C:\Program Files\JetBrains\IntelliJ IDEA Community Edition 2019.2.3\bin\breakgen64.dll
0x00007ff867220000 - 0x00007ff86723a000 	C:\Program Files\Java\jdk1.8.0_231\jre\bin\net.dll
0x00007ff877d70000 - 0x00007ff877dcc000 	C:\Windows\system32\mswsock.dll

VM Arguments:
jvm_args: -javaagent:C:\Program Files\JetBrains\IntelliJ IDEA Community Edition 2019.2.3\lib\idea_rt.jar=49480:C:\Program Files\JetBrains\IntelliJ IDEA Community Edition 2019.2.3\bin -Dfile.encoding=UTF-8 
java_command: HexaTech.BasicPipelineExample
java_class_path (initial): C:\Program Files\Java\jdk1.8.0_231\jre\lib\charsets.jar;C:\Program Files\Java\jdk1.8.0_231\jre\lib\deploy.jar;C:\Program Files\Java\jdk1.8.0_231\jre\lib\ext\access-bridge-64.jar;C:\Program Files\Java\jdk1.8.0_231\jre\lib\ext\cldrdata.jar;C:\Program Files\Java\jdk1.8.0_231\jre\lib\ext\dnsns.jar;C:\Program Files\Java\jdk1.8.0_231\jre\lib\ext\jaccess.jar;C:\Program Files\Java\jdk1.8.0_231\jre\lib\ext\jfxrt.jar;C:\Program Files\Java\jdk1.8.0_231\jre\lib\ext\localedata.jar;C:\Program Files\Java\jdk1.8.0_231\jre\lib\ext\nashorn.jar;C:\Program Files\Java\jdk1.8.0_231\jre\lib\ext\sunec.jar;C:\Program Files\Java\jdk1.8.0_231\jre\lib\ext\sunjce_provider.jar;C:\Program Files\Java\jdk1.8.0_231\jre\lib\ext\sunmscapi.jar;C:\Program Files\Java\jdk1.8.0_231\jre\lib\ext\sunpkcs11.jar;C:\Program Files\Java\jdk1.8.0_231\jre\lib\ext\zipfs.jar;C:\Program Files\Java\jdk1.8.0_231\jre\lib\javaws.jar;C:\Program Files\Java\jdk1.8.0_231\jre\lib\jce.jar;C:\Program Files\Java\jdk1.8.0_231\jre\lib\jfr.jar;C:\Program Files\Java\jdk1.8.0_231\jre\lib\jfxswt.jar;C:\Program Files\Java\jdk1.8.0_231\jre\lib\jsse.jar;C:\Program Files\Java\jdk1.8.0_231\jre\lib\management-agent.jar;C:\Program Files\Java\jdk1.8.0_231\jre\lib\plugin.jar;C:\Program Files\Java\jdk1.8.0_231\jre\lib\resources.jar;C:\Program Files\Java\jdk1.8.0_231\jre\lib\rt.jar;C:\Users\Eduard\Desktop\DISCOWer\target\classes;C:\Users\Eduard\.m2\repository\edu\stanford\nlp\stanford-corenlp\4.0.0\stanford-corenlp-4.0.0.jar;C:\Users\Eduard\.m2\repository\edu\stanford\nlp\stanford-corenlp\4.0.0\stanford-corenlp-4.0.0-models-english.jar;C:\Program Files\JetBrains\IntelliJ IDEA Community Edition 2019.2.3\lib\idea_rt.jar
Launcher Type: SUN_STANDARD

Environment Variables:
JAVA_HOME=C:\Program Files\Java\jdk1.8.0_231
PATH=C:\Program Files (x86)\Common Files\Oracle\Java\javapath;C:\MinGW\bin;C:\MinGW\msys\1.0\bin;C:\Windows\system32;C:\Windows;C:\Windows\System32\Wbem;C:\Windows\System32\WindowsPowerShell\v1.0\;C:\Program Files\Microsoft SQL Server\Client SDK\ODBC\130\Tools\Binn\;C:\Program Files (x86)\Microsoft SQL Server\140\Tools\Binn\;C:\Program Files\Microsoft SQL Server\140\Tools\Binn\;C:\Program Files\apache-maven-3.6.2\bin;C:\Program Files\TortoiseHg\;C:\Program Files\NVIDIA Corporation\NVIDIA NvDLISR;C:\Program Files (x86)\NVIDIA Corporation\PhysX\Common;C:\Program Files\MATLAB\R2020a\bin;C:\Program Files\Git\cmd;C:\Users\Eduard\AppData\Local\Microsoft\WindowsApps;C:\Users\Eduard\AppData\Local\atom\bin
USERNAME=Eduard
OS=Windows_NT
PROCESSOR_IDENTIFIER=Intel64 Family 6 Model 142 Stepping 10, GenuineIntel



---------------  S Y S T E M  ---------------

OS: Windows 10.0 , 64 bit Build 14393 (10.0.14393.3630)

CPU:total 8 (initial active 8) (4 cores per cpu, 2 threads per core) family 6 model 142 stepping 10, cmov, cx8, fxsr, mmx, sse, sse2, sse3, ssse3, sse4.1, sse4.2, popcnt, avx, avx2, aes, clmul, erms, 3dnowpref, lzcnt, ht, tsc, tscinvbit, bmi1, bmi2, adx

Memory: 4k page, physical 8262884k(1119084k free), swap 15855764k(1696k free)

vm_info: Java HotSpot(TM) 64-Bit Server VM (25.231-b11) for windows-amd64 JRE (1.8.0_231-b11), built on Oct  5 2019 03:11:30 by "java_re" with MS VC++ 10.0 (VS2010)

time: Sat Apr 25 17:34:20 2020
timezone: ora legale Europa occidentale
elapsed time: 12 seconds (0d 0h 0m 12s)

