#
# There is insufficient memory for the Java Runtime Environment to continue.
# Native memory allocation (mmap) failed to map 1220608 bytes for object start array expansion
# Possible reasons:
#   The system is out of physical RAM or swap space
#   The process is running with CompressedOops enabled, and the Java Heap may be blocking the growth of the native heap
# Possible solutions:
#   Reduce memory load on the system
#   Increase physical memory or swap space
#   Check if swap backing store is full
#   Decrease Java heap size (-Xmx/-Xms)
#   Decrease number of Java threads
#   Decrease Java thread stack sizes (-Xss)
#   Set larger code cache with -XX:ReservedCodeCacheSize=
#   JVM is running with Unscaled Compressed Oops mode in which the Java heap is
#     placed in the first 4GB address space. The Java Heap base address is the
#     maximum limit for the native heap growth. Please use -XX:HeapBaseMinAddress
#     to set the Java Heap base and to place the Java Heap above 4GB virtual address.
# This output file may be truncated or incomplete.
#
#  Out of Memory Error (objectStartArray.cpp:102), pid=2620, tid=0x0000000000000b28
#
# JRE version: Java(TM) SE Runtime Environment (8.0_231-b11) (build 1.8.0_231-b11)
# Java VM: Java HotSpot(TM) 64-Bit Server VM (25.231-b11 mixed mode windows-amd64 compressed oops)
# Failed to write core dump. Minidumps are not enabled by default on client versions of Windows
#

---------------  T H R E A D  ---------------

Current thread (0x0000000018379800):  VMThread [stack: 0x000000001a040000,0x000000001a140000] [id=2856]

Stack: [0x000000001a040000,0x000000001a140000]
[error occurred during error reporting (printing stack bounds), id 0xc0000005]

Native frames: (J=compiled Java code, j=interpreted, Vv=VM code, C=native code)

VM_Operation (0x000000000311d710): ParallelGCFailedAllocation, mode: safepoint, requested by thread 0x0000000003313000


---------------  P R O C E S S  ---------------

Java Threads: ( => current thread )
  0x000000001a2d8000 JavaThread "Service Thread" daemon [_thread_blocked, id=9504, stack(0x000000001af40000,0x000000001b040000)]
  0x000000001a228800 JavaThread "C1 CompilerThread3" daemon [_thread_blocked, id=9764, stack(0x000000001ae40000,0x000000001af40000)]
  0x000000001a223800 JavaThread "C2 CompilerThread2" daemon [_thread_blocked, id=15936, stack(0x000000001ad40000,0x000000001ae40000)]
  0x000000001a21f800 JavaThread "C2 CompilerThread1" daemon [_thread_blocked, id=9360, stack(0x000000001ac40000,0x000000001ad40000)]
  0x000000001a21e800 JavaThread "C2 CompilerThread0" daemon [_thread_blocked, id=14260, stack(0x000000001ab40000,0x000000001ac40000)]
  0x000000001a21c800 JavaThread "Monitor Ctrl-Break" daemon [_thread_in_native, id=11672, stack(0x000000001aa40000,0x000000001ab40000)]
  0x000000001a171000 JavaThread "Attach Listener" daemon [_thread_blocked, id=13760, stack(0x000000001a940000,0x000000001aa40000)]
  0x000000001a170000 JavaThread "Signal Dispatcher" daemon [_thread_blocked, id=9776, stack(0x000000001a840000,0x000000001a940000)]
  0x000000001a161000 JavaThread "Finalizer" daemon [_thread_blocked, id=16868, stack(0x000000001a640000,0x000000001a740000)]
  0x000000001a160800 JavaThread "Reference Handler" daemon [_thread_blocked, id=17276, stack(0x000000001a540000,0x000000001a640000)]
  0x0000000003313000 JavaThread "main" [_thread_blocked, id=2820, stack(0x0000000003020000,0x0000000003120000)]

Other Threads:
=>0x0000000018379800 VMThread [stack: 0x000000001a040000,0x000000001a140000] [id=2856]
  0x000000001a2e0000 WatcherThread [stack: 0x000000001b040000,0x000000001b140000] [id=16468]

VM state:at safepoint (normal execution)

VM Mutex/Monitor currently owned by a thread:  ([mutex/lock_event])
[0x000000000320e710] ExpandHeap_lock - owner thread: 0x0000000018379800
[0x000000000320e010] Threads_lock - owner thread: 0x0000000018379800
[0x000000000320e510] Heap_lock - owner thread: 0x0000000003313000

heap address: 0x0000000081e00000, size: 2018 MB, Compressed Oops mode: 32-bit
Narrow klass base: 0x0000000000000000, Narrow klass shift: 3
Compressed class space size: 1073741824 Address: 0x0000000100000000

Heap:
 PSYoungGen      total 354304K, used 229887K [0x00000000d5f80000, 0x00000000ff200000, 0x0000000100000000)
  eden space 229888K, 99% used [0x00000000d5f80000,0x00000000e3fffff0,0x00000000e4000000)
  from space 124416K, 0% used [0x00000000e4000000,0x00000000e4000000,0x00000000eb980000)
  to   space 219136K, 0% used [0x00000000f1c00000,0x00000000f1c00000,0x00000000ff200000)
 ParOldGen       total 767488K, used 767437K [0x0000000081e00000, 0x00000000d5f80000, 0x00000000d5f80000)
  object space 767488K, 99% used [0x0000000081e00000,0x00000000b0b73728,0x00000000b0b80000)
 Metaspace       used 10080K, capacity 10468K, committed 10752K, reserved 1058816K
  class space    used 1087K, capacity 1224K, committed 1280K, reserved 1048576K

Card table byte_map: [0x00000000127d0000,0x0000000012bd0000] byte_map_base: 0x00000000123c1000

Marking Bits: (ParMarkBitMap*) 0x000000006d176d90
 Begin Bits: [0x0000000013680000, 0x0000000015608000)
 End Bits:   [0x0000000015608000, 0x0000000017590000)

Polling page: 0x0000000002f20000

CodeCache: size=245760Kb used=5396Kb max_used=7463Kb free=240363Kb
 bounds [0x0000000003410000, 0x0000000003b90000, 0x0000000012410000]
 total_blobs=1631 nmethods=1297 adapters=246
 compilation: enabled

Compilation events (10 events):
Event: 32.565 Thread 0x000000001a228800 nmethod 1787 0x0000000003a4e5d0 code [0x0000000003a4e720, 0x0000000003a4e830]
Event: 32.567 Thread 0x000000001a21f800 1788       4       java.io.Bits::getDouble (9 bytes)
Event: 32.568 Thread 0x000000001a21e800 1789   !   4       sun.reflect.GeneratedSerializationConstructorAccessor56::newInstance (49 bytes)
Event: 32.569 Thread 0x000000001a21f800 nmethod 1788 0x0000000003a4ed10 code [0x0000000003a4ee40, 0x0000000003a4ef58]
Event: 32.569 Thread 0x000000001a21f800 1790   !   4       sun.reflect.GeneratedSerializationConstructorAccessor72::newInstance (49 bytes)
Event: 32.570 Thread 0x000000001a21e800 nmethod 1789 0x0000000003545850 code [0x00000000035459c0, 0x0000000003545b08]
Event: 32.571 Thread 0x000000001a21f800 nmethod 1790 0x000000000383a550 code [0x000000000383a6c0, 0x000000000383a808]
Event: 35.121 Thread 0x000000001a223800 nmethod 1783 0x000000000383d310 code [0x000000000383d740, 0x0000000003840f30]
Event: 35.126 Thread 0x000000001a228800 1791       3       edu.stanford.nlp.parser.lexparser.IntTaggedWord::equals (49 bytes)
Event: 35.127 Thread 0x000000001a228800 nmethod 1791 0x0000000003638110 code [0x0000000003638280, 0x00000000036386f0]

GC Heap History (10 events):
Event: 56.557 GC heap after
Heap after GC invocations=60 (full 33):
 PSYoungGen      total 354304K, used 229887K [0x00000000d5f80000, 0x00000000ff200000, 0x0000000100000000)
  eden space 229888K, 99% used [0x00000000d5f80000,0x00000000e3ffffd8,0x00000000e4000000)
  from space 124416K, 0% used [0x00000000e4000000,0x00000000e4000000,0x00000000eb980000)
  to   space 219136K, 0% used [0x00000000f1c00000,0x00000000f1c00000,0x00000000ff200000)
 ParOldGen       total 767488K, used 767437K [0x0000000081e00000, 0x00000000b0b80000, 0x00000000d5f80000)
  object space 767488K, 99% used [0x0000000081e00000,0x00000000b0b73488,0x00000000b0b80000)
 Metaspace       used 10080K, capacity 10468K, committed 10752K, reserved 1058816K
  class space    used 1087K, capacity 1224K, committed 1280K, reserved 1048576K
}
Event: 56.558 GC heap before
{Heap before GC invocations=61 (full 34):
 PSYoungGen      total 354304K, used 229887K [0x00000000d5f80000, 0x00000000ff200000, 0x0000000100000000)
  eden space 229888K, 99% used [0x00000000d5f80000,0x00000000e3fffff8,0x00000000e4000000)
  from space 124416K, 0% used [0x00000000e4000000,0x00000000e4000000,0x00000000eb980000)
  to   space 219136K, 0% used [0x00000000f1c00000,0x00000000f1c00000,0x00000000ff200000)
 ParOldGen       total 767488K, used 767437K [0x0000000081e00000, 0x00000000b0b80000, 0x00000000d5f80000)
  object space 767488K, 99% used [0x0000000081e00000,0x00000000b0b73488,0x00000000b0b80000)
 Metaspace       used 10080K, capacity 10468K, committed 10752K, reserved 1058816K
  class space    used 1087K, capacity 1224K, committed 1280K, reserved 1048576K
Event: 57.750 GC heap after
Heap after GC invocations=61 (full 34):
 PSYoungGen      total 354304K, used 229887K [0x00000000d5f80000, 0x00000000ff200000, 0x0000000100000000)
  eden space 229888K, 99% used [0x00000000d5f80000,0x00000000e3ffffe8,0x00000000e4000000)
  from space 124416K, 0% used [0x00000000e4000000,0x00000000e4000000,0x00000000eb980000)
  to   space 219136K, 0% used [0x00000000f1c00000,0x00000000f1c00000,0x00000000ff200000)
 ParOldGen       total 767488K, used 767437K [0x0000000081e00000, 0x00000000b0b80000, 0x00000000d5f80000)
  object space 767488K, 99% used [0x0000000081e00000,0x00000000b0b73488,0x00000000b0b80000)
 Metaspace       used 10080K, capacity 10468K, committed 10752K, reserved 1058816K
  class space    used 1087K, capacity 1224K, committed 1280K, reserved 1048576K
}
Event: 57.750 GC heap before
{Heap before GC invocations=62 (full 35):
 PSYoungGen      total 354304K, used 229888K [0x00000000d5f80000, 0x00000000ff200000, 0x0000000100000000)
  eden space 229888K, 100% used [0x00000000d5f80000,0x00000000e4000000,0x00000000e4000000)
  from space 124416K, 0% used [0x00000000e4000000,0x00000000e4000000,0x00000000eb980000)
  to   space 219136K, 0% used [0x00000000f1c00000,0x00000000f1c00000,0x00000000ff200000)
 ParOldGen       total 767488K, used 767437K [0x0000000081e00000, 0x00000000b0b80000, 0x00000000d5f80000)
  object space 767488K, 99% used [0x0000000081e00000,0x00000000b0b73488,0x00000000b0b80000)
 Metaspace       used 10080K, capacity 10468K, committed 10752K, reserved 1058816K
  class space    used 1087K, capacity 1224K, committed 1280K, reserved 1048576K
Event: 58.867 GC heap after
Heap after GC invocations=62 (full 35):
 PSYoungGen      total 354304K, used 229887K [0x00000000d5f80000, 0x00000000ff200000, 0x0000000100000000)
  eden space 229888K, 99% used [0x00000000d5f80000,0x00000000e3fffff0,0x00000000e4000000)
  from space 124416K, 0% used [0x00000000e4000000,0x00000000e4000000,0x00000000eb980000)
  to   space 219136K, 0% used [0x00000000f1c00000,0x00000000f1c00000,0x00000000ff200000)
 ParOldGen       total 767488K, used 767437K [0x0000000081e00000, 0x00000000b0b80000, 0x00000000d5f80000)
  object space 767488K, 99% used [0x0000000081e00000,0x00000000b0b73488,0x00000000b0b80000)
 Metaspace       used 10080K, capacity 10468K, committed 10752K, reserved 1058816K
  class space    used 1087K, capacity 1224K, committed 1280K, reserved 1048576K
}
Event: 58.867 GC heap before
{Heap before GC invocations=63 (full 36):
 PSYoungGen      total 354304K, used 229888K [0x00000000d5f80000, 0x00000000ff200000, 0x0000000100000000)
  eden space 229888K, 100% used [0x00000000d5f80000,0x00000000e4000000,0x00000000e4000000)
  from space 124416K, 0% used [0x00000000e4000000,0x00000000e4000000,0x00000000eb980000)
  to   space 219136K, 0% used [0x00000000f1c00000,0x00000000f1c00000,0x00000000ff200000)
 ParOldGen       total 767488K, used 767437K [0x0000000081e00000, 0x00000000b0b80000, 0x00000000d5f80000)
  object space 767488K, 99% used [0x0000000081e00000,0x00000000b0b73488,0x00000000b0b80000)
 Metaspace       used 10080K, capacity 10468K, committed 10752K, reserved 1058816K
  class space    used 1087K, capacity 1224K, committed 1280K, reserved 1048576K
Event: 60.007 GC heap after
Heap after GC invocations=63 (full 36):
 PSYoungGen      total 354304K, used 229887K [0x00000000d5f80000, 0x00000000ff200000, 0x0000000100000000)
  eden space 229888K, 99% used [0x00000000d5f80000,0x00000000e3fffff0,0x00000000e4000000)
  from space 124416K, 0% used [0x00000000e4000000,0x00000000e4000000,0x00000000eb980000)
  to   space 219136K, 0% used [0x00000000f1c00000,0x00000000f1c00000,0x00000000ff200000)
 ParOldGen       total 767488K, used 767437K [0x0000000081e00000, 0x00000000b0b80000, 0x00000000d5f80000)
  object space 767488K, 99% used [0x0000000081e00000,0x00000000b0b73488,0x00000000b0b80000)
 Metaspace       used 10080K, capacity 10468K, committed 10752K, reserved 1058816K
  class space    used 1087K, capacity 1224K, committed 1280K, reserved 1048576K
}
Event: 60.008 GC heap before
{Heap before GC invocations=64 (full 37):
 PSYoungGen      total 354304K, used 229888K [0x00000000d5f80000, 0x00000000ff200000, 0x0000000100000000)
  eden space 229888K, 100% used [0x00000000d5f80000,0x00000000e4000000,0x00000000e4000000)
  from space 124416K, 0% used [0x00000000e4000000,0x00000000e4000000,0x00000000eb980000)
  to   space 219136K, 0% used [0x00000000f1c00000,0x00000000f1c00000,0x00000000ff200000)
 ParOldGen       total 767488K, used 767437K [0x0000000081e00000, 0x00000000b0b80000, 0x00000000d5f80000)
  object space 767488K, 99% used [0x0000000081e00000,0x00000000b0b73488,0x00000000b0b80000)
 Metaspace       used 10080K, capacity 10468K, committed 10752K, reserved 1058816K
  class space    used 1087K, capacity 1224K, committed 1280K, reserved 1048576K
Event: 61.199 GC heap after
Heap after GC invocations=64 (full 37):
 PSYoungGen      total 354304K, used 229887K [0x00000000d5f80000, 0x00000000ff200000, 0x0000000100000000)
  eden space 229888K, 99% used [0x00000000d5f80000,0x00000000e3fffff0,0x00000000e4000000)
  from space 124416K, 0% used [0x00000000e4000000,0x00000000e4000000,0x00000000eb980000)
  to   space 219136K, 0% used [0x00000000f1c00000,0x00000000f1c00000,0x00000000ff200000)
 ParOldGen       total 767488K, used 767437K [0x0000000081e00000, 0x00000000b0b80000, 0x00000000d5f80000)
  object space 767488K, 99% used [0x0000000081e00000,0x00000000b0b73488,0x00000000b0b80000)
 Metaspace       used 10080K, capacity 10468K, committed 10752K, reserved 1058816K
  class space    used 1087K, capacity 1224K, committed 1280K, reserved 1048576K
}
Event: 61.199 GC heap before
{Heap before GC invocations=65 (full 38):
 PSYoungGen      total 354304K, used 229888K [0x00000000d5f80000, 0x00000000ff200000, 0x0000000100000000)
  eden space 229888K, 100% used [0x00000000d5f80000,0x00000000e4000000,0x00000000e4000000)
  from space 124416K, 0% used [0x00000000e4000000,0x00000000e4000000,0x00000000eb980000)
  to   space 219136K, 0% used [0x00000000f1c00000,0x00000000f1c00000,0x00000000ff200000)
 ParOldGen       total 767488K, used 767438K [0x0000000081e00000, 0x00000000b0b80000, 0x00000000d5f80000)
  object space 767488K, 99% used [0x0000000081e00000,0x00000000b0b73998,0x00000000b0b80000)
 Metaspace       used 10080K, capacity 10468K, committed 10752K, reserved 1058816K
  class space    used 1087K, capacity 1224K, committed 1280K, reserved 1048576K

Deoptimization events (10 events):
Event: 29.466 Thread 0x0000000003313000 Uncommon trap: reason=bimorphic action=maybe_recompile pc=0x0000000003a81a44 method=java.util.Collections$UnmodifiableCollection$1.hasNext()Z @ 4
Event: 29.466 Thread 0x0000000003313000 Uncommon trap: reason=bimorphic action=maybe_recompile pc=0x0000000003ae5b4c method=java.util.Collections$UnmodifiableCollection$1.next()Ljava/lang/Object; @ 4
Event: 29.466 Thread 0x0000000003313000 Uncommon trap: reason=bimorphic action=maybe_recompile pc=0x0000000003a81a44 method=java.util.Collections$UnmodifiableCollection$1.hasNext()Z @ 4
Event: 29.466 Thread 0x0000000003313000 Uncommon trap: reason=bimorphic action=maybe_recompile pc=0x0000000003ae5b4c method=java.util.Collections$UnmodifiableCollection$1.next()Ljava/lang/Object; @ 4
Event: 29.466 Thread 0x0000000003313000 Uncommon trap: reason=bimorphic action=maybe_recompile pc=0x0000000003a81a44 method=java.util.Collections$UnmodifiableCollection$1.hasNext()Z @ 4
Event: 29.466 Thread 0x0000000003313000 Uncommon trap: reason=bimorphic action=maybe_recompile pc=0x0000000003ae5b4c method=java.util.Collections$UnmodifiableCollection$1.next()Ljava/lang/Object; @ 4
Event: 29.469 Thread 0x0000000003313000 Uncommon trap: reason=class_check action=maybe_recompile pc=0x0000000003a80c20 method=java.util.HashSet.iterator()Ljava/util/Iterator; @ 4
Event: 32.419 Thread 0x0000000003313000 Uncommon trap: reason=bimorphic action=maybe_recompile pc=0x0000000003524768 method=java.util.HashMap.putVal(ILjava/lang/Object;Ljava/lang/Object;ZZ)Ljava/lang/Object; @ 203
Event: 32.420 Thread 0x0000000003313000 Uncommon trap: reason=unstable_if action=reinterpret pc=0x0000000003524710 method=java.util.HashMap.putVal(ILjava/lang/Object;Ljava/lang/Object;ZZ)Ljava/lang/Object; @ 109
Event: 32.559 Thread 0x0000000003313000 Uncommon trap: reason=unstable_if action=reinterpret pc=0x00000000037e2008 method=java.io.ObjectStreamClass.matchFields([Ljava/io/ObjectStreamField;Ljava/io/ObjectStreamClass;)[Ljava/io/ObjectStreamField; @ 77

Classes redefined (0 events):
No events

Internal exceptions (10 events):
Event: 0.444 Thread 0x0000000003313000 Implicit null exception at 0x00000000035a011b to 0x00000000035a02c5
Event: 0.685 Thread 0x0000000003313000 Implicit null exception at 0x00000000036496e5 to 0x0000000003649aa1
Event: 2.006 Thread 0x0000000003313000 Implicit null exception at 0x00000000036561b3 to 0x00000000036562d5
Event: 2.045 Thread 0x0000000003313000 Exception <a 'java/lang/NoClassDefFoundError': org/joda/time/ReadablePartial> (0x00000000d5f87d78) thrown at [C:\re\workspace\8-2-build-windows-amd64-cygwin\jdk8u231\13620\hotspot\src\share\vm\classfile\systemDictionary.cpp, line 199]
Event: 2.067 Thread 0x0000000003313000 Implicit null exception at 0x00000000036382bb to 0x00000000036383ad
Event: 2.069 Thread 0x0000000003313000 Exception <a 'java/lang/NoSuchMethodError': java.lang.Object.lambda$comparing$77a9974f$1(Ljava/util/function/Function;Ljava/lang/Object;Ljava/lang/Object;)I> (0x00000000d6070830) thrown at [C:\re\workspace\8-2-build-windows-amd64-cygwin\jdk8u231\13620\hot
Event: 6.117 Thread 0x0000000003313000 Implicit null exception at 0x0000000003821f93 to 0x000000000382296d
Event: 21.339 Thread 0x0000000003313000 Exception <a 'java/lang/NoSuchMethodError': java.lang.Object.lambda$maxBy$1(Ljava/util/Comparator;Ljava/lang/Object;Ljava/lang/Object;)Ljava/lang/Object;> (0x00000000e2445350) thrown at [C:\re\workspace\8-2-build-windows-amd64-cygwin\jdk8u231\13620\hotspo
Event: 29.360 Thread 0x0000000003313000 Implicit null exception at 0x0000000003b52f74 to 0x0000000003b53c6d
Event: 29.374 Thread 0x0000000003313000 Implicit null exception at 0x0000000003a7fd76 to 0x0000000003a7ff65

Events (10 events):
Event: 56.557 Executing VM operation: ParallelGCFailedAllocation done
Event: 56.557 Executing VM operation: ParallelGCFailedAllocation
Event: 57.750 Executing VM operation: ParallelGCFailedAllocation done
Event: 57.750 Executing VM operation: ParallelGCFailedAllocation
Event: 58.867 Executing VM operation: ParallelGCFailedAllocation done
Event: 58.867 Executing VM operation: ParallelGCFailedAllocation
Event: 60.007 Executing VM operation: ParallelGCFailedAllocation done
Event: 60.008 Executing VM operation: ParallelGCFailedAllocation
Event: 61.199 Executing VM operation: ParallelGCFailedAllocation done
Event: 61.199 Executing VM operation: ParallelGCFailedAllocation


Dynamic libraries:
0x00007ff6966e0000 - 0x00007ff696717000 	C:\Program Files\Java\jdk1.8.0_231\bin\java.exe
0x00007ff87c050000 - 0x00007ff87c220000 	C:\Windows\SYSTEM32\ntdll.dll
0x00007ff87ba60000 - 0x00007ff87bb0c000 	C:\Windows\System32\KERNEL32.DLL
0x00007ff8785b0000 - 0x00007ff8787cc000 	C:\Windows\System32\KERNELBASE.dll
0x00007ff87b110000 - 0x00007ff87b1b2000 	C:\Windows\System32\ADVAPI32.dll
0x00007ff87bc70000 - 0x00007ff87bd0e000 	C:\Windows\System32\msvcrt.dll
0x00007ff879640000 - 0x00007ff879699000 	C:\Windows\System32\sechost.dll
0x00007ff87bf20000 - 0x00007ff87c041000 	C:\Windows\System32\RPCRT4.dll
0x00007ff87bdb0000 - 0x00007ff87bf16000 	C:\Windows\System32\USER32.dll
0x00007ff878540000 - 0x00007ff87855e000 	C:\Windows\System32\win32u.dll
0x00007ff879ae0000 - 0x00007ff879b14000 	C:\Windows\System32\GDI32.dll
0x00007ff878980000 - 0x00007ff878b01000 	C:\Windows\System32\gdi32full.dll
0x00007ff8686e0000 - 0x00007ff86895a000 	C:\Windows\WinSxS\amd64_microsoft.windows.common-controls_6595b64144ccf1df_6.0.14393.3053_none_7de042968342015d\COMCTL32.dll
0x00007ff8796c0000 - 0x00007ff879985000 	C:\Windows\System32\combase.dll
0x00007ff8787d0000 - 0x00007ff8788c4000 	C:\Windows\System32\ucrtbase.dll
0x00007ff879570000 - 0x00007ff8795da000 	C:\Windows\System32\bcryptPrimitives.dll
0x00007ff87b440000 - 0x00007ff87b46e000 	C:\Windows\System32\IMM32.DLL
0x000000006d200000 - 0x000000006d2d2000 	C:\Program Files\Java\jdk1.8.0_231\jre\bin\msvcr100.dll
0x000000006c950000 - 0x000000006d1f6000 	C:\Program Files\Java\jdk1.8.0_231\jre\bin\server\jvm.dll
0x00007ff879ad0000 - 0x00007ff879ad8000 	C:\Windows\System32\PSAPI.DLL
0x00007ff876450000 - 0x00007ff876459000 	C:\Windows\SYSTEM32\WSOCK32.dll
0x00007ff876340000 - 0x00007ff876363000 	C:\Windows\SYSTEM32\WINMM.dll
0x00007ff873ec0000 - 0x00007ff873eca000 	C:\Windows\SYSTEM32\VERSION.dll
0x00007ff87b3d0000 - 0x00007ff87b43a000 	C:\Windows\System32\WS2_32.dll
0x00007ff8762d0000 - 0x00007ff8762fb000 	C:\Windows\SYSTEM32\winmmbase.dll
0x00007ff878560000 - 0x00007ff8785a2000 	C:\Windows\System32\cfgmgr32.dll
0x00007ff8757d0000 - 0x00007ff8757df000 	C:\Program Files\Java\jdk1.8.0_231\jre\bin\verify.dll
0x00007ff86bbf0000 - 0x00007ff86bc19000 	C:\Program Files\Java\jdk1.8.0_231\jre\bin\java.dll
0x00007ff866c70000 - 0x00007ff866c93000 	C:\Program Files\Java\jdk1.8.0_231\jre\bin\instrument.dll
0x00007ff867b00000 - 0x00007ff867b16000 	C:\Program Files\Java\jdk1.8.0_231\jre\bin\zip.dll
0x00007ff879b30000 - 0x00007ff87b035000 	C:\Windows\System32\SHELL32.dll
0x00007ff878b10000 - 0x00007ff8791ea000 	C:\Windows\System32\windows.storage.dll
0x00007ff8784b0000 - 0x00007ff8784fc000 	C:\Windows\System32\powrprof.dll
0x00007ff87bc10000 - 0x00007ff87bc62000 	C:\Windows\System32\shlwapi.dll
0x00007ff878500000 - 0x00007ff87850f000 	C:\Windows\System32\kernel.appcore.dll
0x00007ff8788d0000 - 0x00007ff878979000 	C:\Windows\System32\shcore.dll
0x00007ff878510000 - 0x00007ff878524000 	C:\Windows\System32\profapi.dll
0x00007ff8667e0000 - 0x00007ff8667fa000 	C:\Program Files\JetBrains\IntelliJ IDEA Community Edition 2019.2.3\bin\breakgen64.dll
0x00007ff867220000 - 0x00007ff86723a000 	C:\Program Files\Java\jdk1.8.0_231\jre\bin\net.dll
0x00007ff877d70000 - 0x00007ff877dcc000 	C:\Windows\system32\mswsock.dll

VM Arguments:
jvm_args: -javaagent:C:\Program Files\JetBrains\IntelliJ IDEA Community Edition 2019.2.3\lib\idea_rt.jar=49581:C:\Program Files\JetBrains\IntelliJ IDEA Community Edition 2019.2.3\bin -Dfile.encoding=UTF-8 
java_command: HexaTech.BasicPipelineExample
java_class_path (initial): C:\Program Files\Java\jdk1.8.0_231\jre\lib\charsets.jar;C:\Program Files\Java\jdk1.8.0_231\jre\lib\deploy.jar;C:\Program Files\Java\jdk1.8.0_231\jre\lib\ext\access-bridge-64.jar;C:\Program Files\Java\jdk1.8.0_231\jre\lib\ext\cldrdata.jar;C:\Program Files\Java\jdk1.8.0_231\jre\lib\ext\dnsns.jar;C:\Program Files\Java\jdk1.8.0_231\jre\lib\ext\jaccess.jar;C:\Program Files\Java\jdk1.8.0_231\jre\lib\ext\jfxrt.jar;C:\Program Files\Java\jdk1.8.0_231\jre\lib\ext\localedata.jar;C:\Program Files\Java\jdk1.8.0_231\jre\lib\ext\nashorn.jar;C:\Program Files\Java\jdk1.8.0_231\jre\lib\ext\sunec.jar;C:\Program Files\Java\jdk1.8.0_231\jre\lib\ext\sunjce_provider.jar;C:\Program Files\Java\jdk1.8.0_231\jre\lib\ext\sunmscapi.jar;C:\Program Files\Java\jdk1.8.0_231\jre\lib\ext\sunpkcs11.jar;C:\Program Files\Java\jdk1.8.0_231\jre\lib\ext\zipfs.jar;C:\Program Files\Java\jdk1.8.0_231\jre\lib\javaws.jar;C:\Program Files\Java\jdk1.8.0_231\jre\lib\jce.jar;C:\Program Files\Java\jdk1.8.0_231\jre\lib\jfr.jar;C:\Program Files\Java\jdk1.8.0_231\jre\lib\jfxswt.jar;C:\Program Files\Java\jdk1.8.0_231\jre\lib\jsse.jar;C:\Program Files\Java\jdk1.8.0_231\jre\lib\management-agent.jar;C:\Program Files\Java\jdk1.8.0_231\jre\lib\plugin.jar;C:\Program Files\Java\jdk1.8.0_231\jre\lib\resources.jar;C:\Program Files\Java\jdk1.8.0_231\jre\lib\rt.jar;C:\Users\Eduard\Desktop\DISCOWer\target\classes;C:\Users\Eduard\.m2\repository\edu\stanford\nlp\stanford-corenlp\4.0.0\stanford-corenlp-4.0.0.jar;C:\Users\Eduard\.m2\repository\edu\stanford\nlp\stanford-corenlp\4.0.0\stanford-corenlp-4.0.0-models-english.jar;C:\Program Files\JetBrains\IntelliJ IDEA Community Edition 2019.2.3\lib\idea_rt.jar
Launcher Type: SUN_STANDARD

Environment Variables:
JAVA_HOME=C:\Program Files\Java\jdk1.8.0_231
PATH=C:\Program Files (x86)\Common Files\Oracle\Java\javapath;C:\MinGW\bin;C:\MinGW\msys\1.0\bin;C:\Windows\system32;C:\Windows;C:\Windows\System32\Wbem;C:\Windows\System32\WindowsPowerShell\v1.0\;C:\Program Files\Microsoft SQL Server\Client SDK\ODBC\130\Tools\Binn\;C:\Program Files (x86)\Microsoft SQL Server\140\Tools\Binn\;C:\Program Files\Microsoft SQL Server\140\Tools\Binn\;C:\Program Files\apache-maven-3.6.2\bin;C:\Program Files\TortoiseHg\;C:\Program Files\NVIDIA Corporation\NVIDIA NvDLISR;C:\Program Files (x86)\NVIDIA Corporation\PhysX\Common;C:\Program Files\MATLAB\R2020a\bin;C:\Program Files\Git\cmd;C:\Users\Eduard\AppData\Local\Microsoft\WindowsApps;C:\Users\Eduard\AppData\Local\atom\bin
USERNAME=Eduard
OS=Windows_NT
PROCESSOR_IDENTIFIER=Intel64 Family 6 Model 142 Stepping 10, GenuineIntel



---------------  S Y S T E M  ---------------

OS: Windows 10.0 , 64 bit Build 14393 (10.0.14393.3630)

CPU:total 8 (initial active 8) (4 cores per cpu, 2 threads per core) family 6 model 142 stepping 10, cmov, cx8, fxsr, mmx, sse, sse2, sse3, ssse3, sse4.1, sse4.2, popcnt, avx, avx2, aes, clmul, erms, 3dnowpref, lzcnt, ht, tsc, tscinvbit, bmi1, bmi2, adx

Memory: 4k page, physical 8262884k(1462812k free), swap 16522020k(8644k free)

vm_info: Java HotSpot(TM) 64-Bit Server VM (25.231-b11) for windows-amd64 JRE (1.8.0_231-b11), built on Oct  5 2019 03:11:30 by "java_re" with MS VC++ 10.0 (VS2010)

time: Sat Apr 25 17:42:48 2020
timezone: ora legale Europa occidentale
elapsed time: 62 seconds (0d 0h 1m 2s)

